5.6084 	WARNING 	Couldn't measure a consistent frame rate!
  - Is your graphics card set to sync to vertical blank?
  - Are you running other processes on your computer?

5.6087 	EXP 	Created window1 = Window(allowGUI=True, allowStencil=False, autoLog=True, backendConf=UNKNOWN, backgroundFit=<method-wrapper '__getattribute__' of attributeSetter object at 0x7f829557a130>, backgroundImage=<method-wrapper '__getattribute__' of attributeSetter object at 0x7f829557a0d0>, bitsMode=UNKNOWN, blendMode='avg', bpc=(8, 8, 8), color=array([0, 0, 0]), colorSpace='rgb', depthBits=8, fullscr=<method-wrapper '__getattribute__' of attributeSetter object at 0x7f82b0f3dfa0>, gamma=None, gammaErrorPolicy='raise', lms=UNKNOWN, monitor=<psychopy.monitors.calibTools.Monitor object at 0x7f82a3371790>, multiSample=False, name='window1', numSamples=2, pos=(540, 300), screen=0, size=array([1440, 1200]), stencilBits=0, stereo=False, title='PsychoPy', units='height', useFBO=True, useRetina=True, viewOri=0.0, viewPos=None, viewScale=None, waitBlanking=True, winType='pyglet')
5.6088 	EXP 	window1: mouseVisible = True
5.6089 	EXP 	window1: backgroundImage = ''
5.6089 	EXP 	window1: backgroundFit = 'none'
5.6113 	EXP 	window1: Attempting to measure frame rate of screen (0) ...
5.6113 	EXP 	window1: recordFrameIntervals = False
5.6919 	EXP 	window1: recordFrameIntervals = True
6.5384 	WARNING 	Couldn't measure a consistent frame rate!
  - Is your graphics card set to sync to vertical blank?
  - Are you running other processes on your computer?

6.5385 	EXP 	window1: mouseVisible = True
6.5813 	WARNING 	launchHubServer: If using the iohub mouse or eyetracker devices, fullScr should be True.
8.2350 	EXP 	Exercise_for_hcy: status = STARTED
8.2353 	EXP 	window1: mouseVisible = True
8.2600 	EXP 	Created text_2 = TextStim(__class__=<class 'psychopy.visual.text.TextStim'>, alignHoriz=method-wrapper(...), alignText='center', alignVert=method-wrapper(...), anchorHoriz='center', anchorVert='center', antialias=True, autoDraw=False, autoLog=True, bold=False, color=array([1., 1., 1.]), colorSpace='rgb', contrast=1.0, depth=0.0, draggable=False, flipHoriz=False, flipVert=False, font='Arial Unicode MS', fontFiles=[], height=0.05, italic=False, languageStyle='LTR', name='text_2', opacity=1.0, ori=0.0, pos=array([0., 0.]), rgb=UNKNOWN, text='欢迎来到试验！', units='height', win=Window(...), wrapWidth=1)
8.2601 	EXP 	window1: mouseVisible = True
8.2724 	EXP 	Created text_5 = TextStim(__class__=<class 'psychopy.visual.text.TextStim'>, alignHoriz=method-wrapper(...), alignText='center', alignVert=method-wrapper(...), anchorHoriz='center', anchorVert='center', antialias=True, autoDraw=False, autoLog=True, bold=False, color=array([1., 1., 1.]), colorSpace='rgb', contrast=1.0, depth=0.0, draggable=False, flipHoriz=False, flipVert=False, font='Arial Unicode MS', fontFiles=[], height=0.05, italic=False, languageStyle='LTR', name='text_5', opacity=1.0, ori=0.0, pos=array([0., 0.]), rgb=UNKNOWN, text=str(...), units='height', win=Window(...), wrapWidth=1)
8.2725 	EXP 	window1: mouseVisible = True
8.2745 	EXP 	Created text_6 = TextStim(__class__=<class 'psychopy.visual.text.TextStim'>, alignHoriz=method-wrapper(...), alignText='center', alignVert=method-wrapper(...), anchorHoriz='center', anchorVert='center', antialias=True, autoDraw=False, autoLog=True, bold=False, color=array([1., 1., 1.]), colorSpace='rgb', contrast=1.0, depth=0.0, draggable=False, flipHoriz=False, flipVert=False, font='Open Sans', fontFiles=[], height=0.05, italic=False, languageStyle='LTR', name='text_6', opacity=1.0, ori=0.0, pos=array([0., 0.]), rgb=UNKNOWN, text='', units='height', win=Window(...), wrapWidth=1)
8.2746 	EXP 	window1: mouseVisible = True
8.2806 	EXP 	Created text = TextStim(__class__=<class 'psychopy.visual.text.TextStim'>, alignHoriz=method-wrapper(...), alignText='center', alignVert=method-wrapper(...), anchorHoriz='center', anchorVert='center', antialias=True, autoDraw=False, autoLog=True, bold=False, color=array([1., 1., 1.]), colorSpace='rgb', contrast=1.0, depth=0.0, draggable=False, flipHoriz=False, flipVert=False, font='Arial Unicode MS', fontFiles=[], height=0.05, italic=False, languageStyle='LTR', name='text', opacity=1.0, ori=0.0, pos=array([0., 0.]), rgb=UNKNOWN, text='你认为大众眼中的抑郁症患者是怎样的？', units='height', win=Window(...), wrapWidth=1)
8.2806 	EXP 	window1: mouseVisible = True
8.2834 	EXP 	Created text_3 = TextStim(__class__=<class 'psychopy.visual.text.TextStim'>, alignHoriz=method-wrapper(...), alignText='center', alignVert=method-wrapper(...), anchorHoriz='center', anchorVert='center', antialias=True, autoDraw=False, autoLog=True, bold=False, color=array([1., 1., 1.]), colorSpace='rgb', contrast=1.0, depth=0.0, draggable=False, flipHoriz=False, flipVert=False, font='Arial Unicode MS', fontFiles=[], height=0.05, italic=False, languageStyle='LTR', name='text_3', opacity=1.0, ori=0.0, pos=array([0., 0.]), rgb=UNKNOWN, text='焦虑的        抑郁的', units='height', win=Window(...), wrapWidth=1)
8.2834 	EXP 	window1: mouseVisible = True
8.2843 	EXP 	Created text_6 = TextStim(__class__=<class 'psychopy.visual.text.TextStim'>, alignHoriz=method-wrapper(...), alignText='center', alignVert=method-wrapper(...), anchorHoriz='center', anchorVert='center', antialias=True, autoDraw=False, autoLog=True, bold=False, color=array([1., 1., 1.]), colorSpace='rgb', contrast=1.0, depth=0.0, draggable=False, flipHoriz=False, flipVert=False, font='Open Sans', fontFiles=[], height=0.05, italic=False, languageStyle='LTR', name='text_6', opacity=1.0, ori=0.0, pos=array([0., 0.]), rgb=UNKNOWN, text='', units='height', win=Window(...), wrapWidth=1)
8.2844 	EXP 	window1: mouseVisible = True
8.2871 	EXP 	Created text_7 = TextStim(__class__=<class 'psychopy.visual.text.TextStim'>, alignHoriz=method-wrapper(...), alignText='center', alignVert=method-wrapper(...), anchorHoriz='center', anchorVert='center', antialias=True, autoDraw=False, autoLog=True, bold=False, color=array([1., 1., 1.]), colorSpace='rgb', contrast=1.0, depth=0.0, draggable=False, flipHoriz=False, flipVert=False, font='Arial Unicode MS', fontFiles=[], height=0.05, italic=False, languageStyle='LTR', name='text_7', opacity=1.0, ori=0.0, pos=array([0., 0.]), rgb=UNKNOWN, text='你自己所认为的抑郁症患者是怎样的？', units='height', win=Window(...), wrapWidth=1)
8.2871 	EXP 	window1: mouseVisible = True
8.2888 	EXP 	Created text_8 = TextStim(__class__=<class 'psychopy.visual.text.TextStim'>, alignHoriz=method-wrapper(...), alignText='center', alignVert=method-wrapper(...), anchorHoriz='center', anchorVert='center', antialias=True, autoDraw=False, autoLog=True, bold=False, color=array([1., 1., 1.]), colorSpace='rgb', contrast=1.0, depth=0.0, draggable=False, flipHoriz=False, flipVert=False, font='Arial Unicode MS', fontFiles=[], height=0.05, italic=False, languageStyle='LTR', name='text_8', opacity=1.0, ori=0.0, pos=array([0., 0.]), rgb=UNKNOWN, text='焦虑的       抑郁的', units='height', win=Window(...), wrapWidth=1)
8.2889 	EXP 	window1: mouseVisible = True
8.2914 	EXP 	Created text_4 = TextStim(__class__=<class 'psychopy.visual.text.TextStim'>, alignHoriz=method-wrapper(...), alignText='center', alignVert=method-wrapper(...), anchorHoriz='center', anchorVert='center', antialias=True, autoDraw=False, autoLog=True, bold=False, color=array([1., 1., 1.]), colorSpace='rgb', contrast=1.0, depth=0.0, draggable=False, flipHoriz=False, flipVert=False, font='Arial Unicode MS', fontFiles=[], height=0.05, italic=False, languageStyle='LTR', name='text_4', opacity=1.0, ori=0.0, pos=array([0., 0.]), rgb=UNKNOWN, text='谢谢你的参与！', units='height', win=Window(...), wrapWidth=1)
0.0084 	EXP 	text_2: autoDraw = True
1.0011 	EXP 	text_2: autoDraw = False
1.0011 	EXP 	text_2: autoDraw = False
1.0011 	EXP 	text_5: autoDraw = True
4.9879 	WARNING 	t of last frame was 24.23ms (=1/41)
4.9879 	EXP 	text_5: autoDraw = False
4.9879 	EXP 	text_6: autoDraw = True
5.0007 	DATA 	Keypress: space
5.4860 	EXP 	text_6: autoDraw = False
5.4860 	EXP 	text_6: autoDraw = False
5.4860 	EXP 	text: autoDraw = True
8.4855 	EXP 	text: autoDraw = False
8.4855 	EXP 	text: autoDraw = False
8.4855 	EXP 	text_3: autoDraw = True
11.0732 	DATA 	Keypress: y
11.0803 	EXP 	text_3: autoDraw = False
11.0803 	EXP 	text_6: autoDraw = True
11.5680 	EXP 	text_6: autoDraw = False
11.5680 	EXP 	text_6: autoDraw = False
11.5680 	EXP 	text_7: autoDraw = True
14.5699 	EXP 	text_7: autoDraw = False
14.5699 	EXP 	text_7: autoDraw = False
14.5699 	EXP 	text_8: autoDraw = True
15.5558 	DATA 	Keypress: n
15.5636 	EXP 	text_8: autoDraw = False
15.5636 	EXP 	text_4: autoDraw = True
18.5500 	EXP 	text_4: autoDraw = False
18.5500 	EXP 	text_4: autoDraw = False
18.5501 	EXP 	Exercise_for_hcy: status = STOPPED
18.5787 	EXP 	window1: mouseVisible = True
