6.2026 	WARNING 	Couldn't measure a consistent frame rate!
  - Is your graphics card set to sync to vertical blank?
  - Are you running other processes on your computer?

6.2029 	EXP 	Created window1 = Window(allowGUI=True, allowStencil=False, autoLog=True, backendConf=UNKNOWN, backgroundFit=<method-wrapper '__getattribute__' of attributeSetter object at 0x7f90a56711f0>, backgroundImage=<method-wrapper '__getattribute__' of attributeSetter object at 0x7f90a5671190>, bitsMode=UNKNOWN, blendMode='avg', bpc=(8, 8, 8), color=array([0, 0, 0]), colorSpace='rgb', depthBits=8, fullscr=<method-wrapper '__getattribute__' of attributeSetter object at 0x7f90c09e3b50>, gamma=None, gammaErrorPolicy='raise', lms=UNKNOWN, monitor=<psychopy.monitors.calibTools.Monitor object at 0x7f90b3bc1850>, multiSample=False, name='window1', numSamples=2, pos=(540, 300), screen=0, size=array([1440, 1200]), stencilBits=0, stereo=False, title='PsychoPy', units='height', useFBO=True, useRetina=True, viewOri=0.0, viewPos=None, viewScale=None, waitBlanking=True, winType='pyglet')
6.2031 	EXP 	window1: mouseVisible = True
6.2031 	EXP 	window1: backgroundImage = ''
6.2031 	EXP 	window1: backgroundFit = 'none'
6.2060 	EXP 	window1: Attempting to measure frame rate of screen (0) ...
6.2060 	EXP 	window1: recordFrameIntervals = False
6.2968 	EXP 	window1: recordFrameIntervals = True
7.1301 	WARNING 	Couldn't measure a consistent frame rate!
  - Is your graphics card set to sync to vertical blank?
  - Are you running other processes on your computer?

7.1302 	EXP 	window1: mouseVisible = True
7.1721 	WARNING 	launchHubServer: If using the iohub mouse or eyetracker devices, fullScr should be True.
9.0519 	EXP 	Exercise_for_hcy: status = STARTED
9.0522 	EXP 	window1: mouseVisible = True
9.0768 	EXP 	Created text_2 = TextStim(__class__=<class 'psychopy.visual.text.TextStim'>, alignHoriz=method-wrapper(...), alignText='center', alignVert=method-wrapper(...), anchorHoriz='center', anchorVert='center', antialias=True, autoDraw=False, autoLog=True, bold=False, color=array([1., 1., 1.]), colorSpace='rgb', contrast=1.0, depth=0.0, draggable=False, flipHoriz=False, flipVert=False, font='Arial Unicode MS', fontFiles=[], height=0.05, italic=False, languageStyle='LTR', name='text_2', opacity=1.0, ori=0.0, pos=array([0., 0.]), rgb=UNKNOWN, text='欢迎来到试验！', units='height', win=Window(...), wrapWidth=1)
9.0769 	EXP 	window1: mouseVisible = True
9.0894 	EXP 	Created text_5 = TextStim(__class__=<class 'psychopy.visual.text.TextStim'>, alignHoriz=method-wrapper(...), alignText='center', alignVert=method-wrapper(...), anchorHoriz='center', anchorVert='center', antialias=True, autoDraw=False, autoLog=True, bold=False, color=array([1., 1., 1.]), colorSpace='rgb', contrast=1.0, depth=0.0, draggable=False, flipHoriz=False, flipVert=False, font='Arial Unicode MS', fontFiles=[], height=0.05, italic=False, languageStyle='LTR', name='text_5', opacity=1.0, ori=0.0, pos=array([0., 0.]), rgb=UNKNOWN, text=str(...), units='height', win=Window(...), wrapWidth=1)
9.0895 	EXP 	window1: mouseVisible = True
9.0916 	EXP 	Created text_6 = TextStim(__class__=<class 'psychopy.visual.text.TextStim'>, alignHoriz=method-wrapper(...), alignText='center', alignVert=method-wrapper(...), anchorHoriz='center', anchorVert='center', antialias=True, autoDraw=False, autoLog=True, bold=False, color=array([1., 1., 1.]), colorSpace='rgb', contrast=1.0, depth=0.0, draggable=False, flipHoriz=False, flipVert=False, font='Open Sans', fontFiles=[], height=0.05, italic=False, languageStyle='LTR', name='text_6', opacity=1.0, ori=0.0, pos=array([0., 0.]), rgb=UNKNOWN, text='', units='height', win=Window(...), wrapWidth=1)
9.0917 	EXP 	window1: mouseVisible = True
9.0978 	EXP 	Created text = TextStim(__class__=<class 'psychopy.visual.text.TextStim'>, alignHoriz=method-wrapper(...), alignText='center', alignVert=method-wrapper(...), anchorHoriz='center', anchorVert='center', antialias=True, autoDraw=False, autoLog=True, bold=False, color=array([1., 1., 1.]), colorSpace='rgb', contrast=1.0, depth=0.0, draggable=False, flipHoriz=False, flipVert=False, font='Arial Unicode MS', fontFiles=[], height=0.05, italic=False, languageStyle='LTR', name='text', opacity=1.0, ori=0.0, pos=array([0., 0.]), rgb=UNKNOWN, text='你认为大众眼中的抑郁症患者是怎样的？', units='height', win=Window(...), wrapWidth=1)
9.0979 	EXP 	window1: mouseVisible = True
9.1005 	EXP 	Created text_3 = TextStim(__class__=<class 'psychopy.visual.text.TextStim'>, alignHoriz=method-wrapper(...), alignText='center', alignVert=method-wrapper(...), anchorHoriz='center', anchorVert='center', antialias=True, autoDraw=False, autoLog=True, bold=False, color=array([1., 1., 1.]), colorSpace='rgb', contrast=1.0, depth=0.0, draggable=False, flipHoriz=False, flipVert=False, font='Arial Unicode MS', fontFiles=[], height=0.05, italic=False, languageStyle='LTR', name='text_3', opacity=1.0, ori=0.0, pos=array([0., 0.]), rgb=UNKNOWN, text='焦虑的        抑郁的', units='height', win=Window(...), wrapWidth=1)
9.1006 	EXP 	window1: mouseVisible = True
9.1015 	EXP 	Created text_6 = TextStim(__class__=<class 'psychopy.visual.text.TextStim'>, alignHoriz=method-wrapper(...), alignText='center', alignVert=method-wrapper(...), anchorHoriz='center', anchorVert='center', antialias=True, autoDraw=False, autoLog=True, bold=False, color=array([1., 1., 1.]), colorSpace='rgb', contrast=1.0, depth=0.0, draggable=False, flipHoriz=False, flipVert=False, font='Open Sans', fontFiles=[], height=0.05, italic=False, languageStyle='LTR', name='text_6', opacity=1.0, ori=0.0, pos=array([0., 0.]), rgb=UNKNOWN, text='', units='height', win=Window(...), wrapWidth=1)
9.1016 	EXP 	window1: mouseVisible = True
9.1042 	EXP 	Created text_7 = TextStim(__class__=<class 'psychopy.visual.text.TextStim'>, alignHoriz=method-wrapper(...), alignText='center', alignVert=method-wrapper(...), anchorHoriz='center', anchorVert='center', antialias=True, autoDraw=False, autoLog=True, bold=False, color=array([1., 1., 1.]), colorSpace='rgb', contrast=1.0, depth=0.0, draggable=False, flipHoriz=False, flipVert=False, font='Arial Unicode MS', fontFiles=[], height=0.05, italic=False, languageStyle='LTR', name='text_7', opacity=1.0, ori=0.0, pos=array([0., 0.]), rgb=UNKNOWN, text='你自己所认为的抑郁症患者是怎样的？', units='height', win=Window(...), wrapWidth=1)
9.1042 	EXP 	window1: mouseVisible = True
9.1059 	EXP 	Created text_8 = TextStim(__class__=<class 'psychopy.visual.text.TextStim'>, alignHoriz=method-wrapper(...), alignText='center', alignVert=method-wrapper(...), anchorHoriz='center', anchorVert='center', antialias=True, autoDraw=False, autoLog=True, bold=False, color=array([1., 1., 1.]), colorSpace='rgb', contrast=1.0, depth=0.0, draggable=False, flipHoriz=False, flipVert=False, font='Arial Unicode MS', fontFiles=[], height=0.05, italic=False, languageStyle='LTR', name='text_8', opacity=1.0, ori=0.0, pos=array([0., 0.]), rgb=UNKNOWN, text='焦虑的       抑郁的', units='height', win=Window(...), wrapWidth=1)
9.1059 	EXP 	window1: mouseVisible = True
9.1084 	EXP 	Created text_4 = TextStim(__class__=<class 'psychopy.visual.text.TextStim'>, alignHoriz=method-wrapper(...), alignText='center', alignVert=method-wrapper(...), anchorHoriz='center', anchorVert='center', antialias=True, autoDraw=False, autoLog=True, bold=False, color=array([1., 1., 1.]), colorSpace='rgb', contrast=1.0, depth=0.0, draggable=False, flipHoriz=False, flipVert=False, font='Arial Unicode MS', fontFiles=[], height=0.05, italic=False, languageStyle='LTR', name='text_4', opacity=1.0, ori=0.0, pos=array([0., 0.]), rgb=UNKNOWN, text='谢谢你的参与！', units='height', win=Window(...), wrapWidth=1)
0.0209 	EXP 	text_2: autoDraw = True
1.0100 	EXP 	text_2: autoDraw = False
1.0100 	EXP 	text_5: autoDraw = True
3.5185 	WARNING 	t of last frame was 30.34ms (=1/32)
3.5185 	EXP 	text_5: autoDraw = False
3.5185 	EXP 	text_6: autoDraw = True
3.5319 	DATA 	Keypress: space
4.0079 	EXP 	text_6: autoDraw = False
4.0079 	EXP 	text_6: autoDraw = False
4.0079 	EXP 	text: autoDraw = True
7.0049 	EXP 	text: autoDraw = False
7.0049 	EXP 	text: autoDraw = False
7.0097 	EXP 	text_3: autoDraw = True
9.2766 	DATA 	Keypress: n
9.2800 	EXP 	text_3: autoDraw = False
9.2800 	EXP 	text_6: autoDraw = True
9.7756 	EXP 	text_6: autoDraw = False
9.7756 	EXP 	text_6: autoDraw = False
9.7756 	EXP 	text_7: autoDraw = True
12.7717 	EXP 	text_7: autoDraw = False
12.7717 	EXP 	text_7: autoDraw = False
12.7717 	EXP 	text_8: autoDraw = True
13.6943 	DATA 	Keypress: y
13.6975 	EXP 	text_8: autoDraw = False
13.6975 	EXP 	text_4: autoDraw = True
16.6917 	EXP 	text_4: autoDraw = False
16.6917 	EXP 	text_4: autoDraw = False
16.6918 	EXP 	Exercise_for_hcy: status = STOPPED
16.7156 	EXP 	window1: mouseVisible = True
