6.1959 	WARNING 	Couldn't measure a consistent frame rate!
  - Is your graphics card set to sync to vertical blank?
  - Are you running other processes on your computer?

6.1963 	EXP 	Created window1 = Window(allowGUI=True, allowStencil=False, autoLog=True, backendConf=UNKNOWN, backgroundFit=<method-wrapper '__getattribute__' of attributeSetter object at 0x7fc4b8d92130>, backgroundImage=<method-wrapper '__getattribute__' of attributeSetter object at 0x7fc4b8d920d0>, bitsMode=UNKNOWN, blendMode='avg', bpc=(8, 8, 8), color=array([0, 0, 0]), colorSpace='rgb', depthBits=8, fullscr=<method-wrapper '__getattribute__' of attributeSetter object at 0x7fc4b3945fa0>, gamma=None, gammaErrorPolicy='raise', lms=UNKNOWN, monitor=<psychopy.monitors.calibTools.Monitor object at 0x7fc4b3c3a760>, multiSample=False, name='window1', numSamples=2, pos=(517, 295), screen=0, size=array([1440, 1200]), stencilBits=0, stereo=False, title='PsychoPy', units='height', useFBO=True, useRetina=True, viewOri=0.0, viewPos=None, viewScale=None, waitBlanking=True, winType='pyglet')
6.1964 	EXP 	window1: mouseVisible = True
6.1964 	EXP 	window1: backgroundImage = ''
6.1964 	EXP 	window1: backgroundFit = 'none'
6.1989 	EXP 	window1: Attempting to measure frame rate of screen (0) ...
6.1989 	EXP 	window1: recordFrameIntervals = False
6.2787 	EXP 	window1: recordFrameIntervals = True
7.1132 	WARNING 	Couldn't measure a consistent frame rate!
  - Is your graphics card set to sync to vertical blank?
  - Are you running other processes on your computer?

7.1134 	EXP 	window1: mouseVisible = True
7.1560 	WARNING 	launchHubServer: If using the iohub mouse or eyetracker devices, fullScr should be True.
9.0317 	EXP 	Exercise_for_hcy: status = STARTED
9.0320 	EXP 	window1: mouseVisible = True
9.0583 	EXP 	Created text_2 = TextStim(__class__=<class 'psychopy.visual.text.TextStim'>, alignHoriz=method-wrapper(...), alignText='center', alignVert=method-wrapper(...), anchorHoriz='center', anchorVert='center', antialias=True, autoDraw=False, autoLog=True, bold=False, color=array([1., 1., 1.]), colorSpace='rgb', contrast=1.0, depth=0.0, draggable=False, flipHoriz=False, flipVert=False, font='Arial Unicode MS', fontFiles=[], height=0.05, italic=False, languageStyle='LTR', name='text_2', opacity=1.0, ori=0.0, pos=array([0., 0.]), rgb=UNKNOWN, text='欢迎来到试验！', units='height', win=Window(...), wrapWidth=1)
9.0584 	EXP 	window1: mouseVisible = True
9.0719 	EXP 	Created text_Instruction = TextStim(__class__=<class 'psychopy.visual.text.TextStim'>, alignHoriz=method-wrapper(...), alignText='center', alignVert=method-wrapper(...), anchorHoriz='center', anchorVert='center', antialias=True, autoDraw=False, autoLog=True, bold=False, color=array([1., 1., 1.]), colorSpace='rgb', contrast=1.0, depth=0.0, draggable=False, flipHoriz=False, flipVert=False, font='Arial Unicode MS', fontFiles=[], height=0.05, italic=False, languageStyle='LTR', name='text_Instruction', opacity=1.0, ori=0.0, pos=array([0., 0.]), rgb=UNKNOWN, text=str(...), units='height', win=Window(...), wrapWidth=1)
9.0720 	EXP 	window1: mouseVisible = True
9.0741 	EXP 	Created text_blank = TextStim(__class__=<class 'psychopy.visual.text.TextStim'>, alignHoriz=method-wrapper(...), alignText='center', alignVert=method-wrapper(...), anchorHoriz='center', anchorVert='center', antialias=True, autoDraw=False, autoLog=True, bold=False, color=array([1., 1., 1.]), colorSpace='rgb', contrast=1.0, depth=0.0, draggable=False, flipHoriz=False, flipVert=False, font='Open Sans', fontFiles=[], height=0.05, italic=False, languageStyle='LTR', name='text_blank', opacity=1.0, ori=0.0, pos=array([0., 0.]), rgb=UNKNOWN, text='', units='height', win=Window(...), wrapWidth=1)
9.0742 	EXP 	window1: mouseVisible = True
9.0803 	EXP 	Created text_Q1 = TextStim(__class__=<class 'psychopy.visual.text.TextStim'>, alignHoriz=method-wrapper(...), alignText='center', alignVert=method-wrapper(...), anchorHoriz='center', anchorVert='center', antialias=True, autoDraw=False, autoLog=True, bold=False, color=array([1., 1., 1.]), colorSpace='rgb', contrast=1.0, depth=0.0, draggable=False, flipHoriz=False, flipVert=False, font='Arial Unicode MS', fontFiles=[], height=0.05, italic=False, languageStyle='LTR', name='text_Q1', opacity=1.0, ori=0.0, pos=array([0., 0.]), rgb=UNKNOWN, text='你认为大众眼中的抑郁症患者是怎样的？', units='height', win=Window(...), wrapWidth=1)
9.0804 	EXP 	window1: mouseVisible = True
9.0831 	EXP 	Created text_Answer01 = TextStim(__class__=<class 'psychopy.visual.text.TextStim'>, alignHoriz=method-wrapper(...), alignText='center', alignVert=method-wrapper(...), anchorHoriz='center', anchorVert='center', antialias=True, autoDraw=False, autoLog=True, bold=False, color=array([1., 1., 1.]), colorSpace='rgb', contrast=1.0, depth=0.0, draggable=False, flipHoriz=False, flipVert=False, font='Arial Unicode MS', fontFiles=[], height=0.05, italic=False, languageStyle='LTR', name='text_Answer01', opacity=1.0, ori=0.0, pos=array([0., 0.]), rgb=UNKNOWN, text='焦虑的        抑郁的', units='height', win=Window(...), wrapWidth=1)
9.0832 	EXP 	window1: mouseVisible = True
9.0841 	EXP 	Created text_blank = TextStim(__class__=<class 'psychopy.visual.text.TextStim'>, alignHoriz=method-wrapper(...), alignText='center', alignVert=method-wrapper(...), anchorHoriz='center', anchorVert='center', antialias=True, autoDraw=False, autoLog=True, bold=False, color=array([1., 1., 1.]), colorSpace='rgb', contrast=1.0, depth=0.0, draggable=False, flipHoriz=False, flipVert=False, font='Open Sans', fontFiles=[], height=0.05, italic=False, languageStyle='LTR', name='text_blank', opacity=1.0, ori=0.0, pos=array([0., 0.]), rgb=UNKNOWN, text='', units='height', win=Window(...), wrapWidth=1)
9.0842 	EXP 	window1: mouseVisible = True
9.0868 	EXP 	Created text_Q2 = TextStim(__class__=<class 'psychopy.visual.text.TextStim'>, alignHoriz=method-wrapper(...), alignText='center', alignVert=method-wrapper(...), anchorHoriz='center', anchorVert='center', antialias=True, autoDraw=False, autoLog=True, bold=False, color=array([1., 1., 1.]), colorSpace='rgb', contrast=1.0, depth=0.0, draggable=False, flipHoriz=False, flipVert=False, font='Arial Unicode MS', fontFiles=[], height=0.05, italic=False, languageStyle='LTR', name='text_Q2', opacity=1.0, ori=0.0, pos=array([0., 0.]), rgb=UNKNOWN, text='你自己所认为的抑郁症患者是怎样的？', units='height', win=Window(...), wrapWidth=1)
9.0869 	EXP 	window1: mouseVisible = True
9.0885 	EXP 	Created text_answer02 = TextStim(__class__=<class 'psychopy.visual.text.TextStim'>, alignHoriz=method-wrapper(...), alignText='center', alignVert=method-wrapper(...), anchorHoriz='center', anchorVert='center', antialias=True, autoDraw=False, autoLog=True, bold=False, color=array([1., 1., 1.]), colorSpace='rgb', contrast=1.0, depth=0.0, draggable=False, flipHoriz=False, flipVert=False, font='Arial Unicode MS', fontFiles=[], height=0.05, italic=False, languageStyle='LTR', name='text_answer02', opacity=1.0, ori=0.0, pos=array([0., 0.]), rgb=UNKNOWN, text='焦虑的       抑郁的', units='height', win=Window(...), wrapWidth=1)
9.0886 	EXP 	window1: mouseVisible = True
9.0911 	EXP 	Created text_4 = TextStim(__class__=<class 'psychopy.visual.text.TextStim'>, alignHoriz=method-wrapper(...), alignText='center', alignVert=method-wrapper(...), anchorHoriz='center', anchorVert='center', antialias=True, autoDraw=False, autoLog=True, bold=False, color=array([1., 1., 1.]), colorSpace='rgb', contrast=1.0, depth=0.0, draggable=False, flipHoriz=False, flipVert=False, font='Arial Unicode MS', fontFiles=[], height=0.05, italic=False, languageStyle='LTR', name='text_4', opacity=1.0, ori=0.0, pos=array([0., 0.]), rgb=UNKNOWN, text='谢谢你的参与！', units='height', win=Window(...), wrapWidth=1)
0.0082 	EXP 	text_2: autoDraw = True
1.0047 	EXP 	text_2: autoDraw = False
1.0047 	EXP 	text_Instruction: autoDraw = True
5.2393 	WARNING 	t of last frame was 38.49ms (=1/25)
5.2393 	EXP 	text_Instruction: autoDraw = False
5.2393 	EXP 	text_blank: autoDraw = True
5.2498 	DATA 	Keypress: space
5.7357 	EXP 	text_blank: autoDraw = False
5.7357 	EXP 	text_blank: autoDraw = False
5.7357 	EXP 	text_Q1: autoDraw = True
8.7341 	EXP 	text_Q1: autoDraw = False
8.7341 	EXP 	text_Q1: autoDraw = False
8.7341 	EXP 	text_Answer01: autoDraw = True
11.7197 	EXP 	text_Answer01: autoDraw = False
13.3447 	DATA 	Keypress: y
13.3484 	EXP 	text_Answer01: autoDraw = False
13.3484 	EXP 	text_blank: autoDraw = True
13.8393 	EXP 	text_blank: autoDraw = False
13.8393 	EXP 	text_blank: autoDraw = False
13.8393 	EXP 	text_Q2: autoDraw = True
16.8342 	EXP 	text_Q2: autoDraw = False
16.8342 	EXP 	text_Q2: autoDraw = False
16.8342 	EXP 	text_answer02: autoDraw = True
19.8198 	EXP 	text_answer02: autoDraw = False
20.4239 	DATA 	Keypress: n
20.4268 	EXP 	text_answer02: autoDraw = False
20.4268 	EXP 	text_4: autoDraw = True
23.4204 	EXP 	text_4: autoDraw = False
23.4204 	EXP 	text_4: autoDraw = False
23.4205 	EXP 	Exercise_for_hcy: status = STOPPED
23.4477 	EXP 	window1: mouseVisible = True
