5.4488 	WARNING 	Couldn't measure a consistent frame rate!
  - Is your graphics card set to sync to vertical blank?
  - Are you running other processes on your computer?

5.4494 	EXP 	Created window1 = Window(allowGUI=True, allowStencil=False, autoLog=True, backendConf=UNKNOWN, backgroundFit=<method-wrapper '__getattribute__' of attributeSetter object at 0x7fba2bc281c0>, backgroundImage=<method-wrapper '__getattribute__' of attributeSetter object at 0x7fba2bc28160>, bitsMode=UNKNOWN, blendMode='avg', bpc=(8, 8, 8), color=array([0, 0, 0]), colorSpace='rgb', depthBits=8, fullscr=<method-wrapper '__getattribute__' of attributeSetter object at 0x7fba2d5e97f0>, gamma=None, gammaErrorPolicy='raise', lms=UNKNOWN, monitor=<psychopy.monitors.calibTools.Monitor object at 0x7fba3a8e17f0>, multiSample=False, name='window1', numSamples=2, pos=(540, 300), screen=0, size=array([1440, 1200]), stencilBits=0, stereo=False, title='PsychoPy', units='height', useFBO=True, useRetina=True, viewOri=0.0, viewPos=None, viewScale=None, waitBlanking=True, winType='pyglet')
5.4496 	EXP 	window1: mouseVisible = True
5.4496 	EXP 	window1: backgroundImage = ''
5.4496 	EXP 	window1: backgroundFit = 'none'
5.4532 	EXP 	window1: Attempting to measure frame rate of screen (0) ...
5.4532 	EXP 	window1: recordFrameIntervals = False
5.5321 	EXP 	window1: recordFrameIntervals = True
6.3705 	WARNING 	Couldn't measure a consistent frame rate!
  - Is your graphics card set to sync to vertical blank?
  - Are you running other processes on your computer?

6.3706 	EXP 	window1: mouseVisible = True
6.4128 	WARNING 	launchHubServer: If using the iohub mouse or eyetracker devices, fullScr should be True.
8.0729 	EXP 	Exercise_for_hcy: status = STARTED
8.0732 	EXP 	window1: mouseVisible = True
8.0974 	EXP 	Created text_2 = TextStim(__class__=<class 'psychopy.visual.text.TextStim'>, alignHoriz=method-wrapper(...), alignText='center', alignVert=method-wrapper(...), anchorHoriz='center', anchorVert='center', antialias=True, autoDraw=False, autoLog=True, bold=False, color=array([1., 1., 1.]), colorSpace='rgb', contrast=1.0, depth=0.0, draggable=False, flipHoriz=False, flipVert=False, font='Arial Unicode MS', fontFiles=[], height=0.05, italic=False, languageStyle='LTR', name='text_2', opacity=1.0, ori=0.0, pos=array([0., 0.]), rgb=UNKNOWN, text='欢迎来到试验！', units='height', win=Window(...), wrapWidth=1)
8.0975 	EXP 	window1: mouseVisible = True
8.1058 	EXP 	Created text = TextStim(__class__=<class 'psychopy.visual.text.TextStim'>, alignHoriz=method-wrapper(...), alignText='center', alignVert=method-wrapper(...), anchorHoriz='center', anchorVert='center', antialias=True, autoDraw=False, autoLog=True, bold=False, color=array([1., 1., 1.]), colorSpace='rgb', contrast=1.0, depth=0.0, draggable=False, flipHoriz=False, flipVert=False, font='Open Sans', fontFiles=[], height=0.05, italic=False, languageStyle='LTR', name='text', opacity=1.0, ori=0.0, pos=array([0., 0.]), rgb=UNKNOWN, text='你认为大众眼中的抑郁症患者是怎样的？', units='height', win=Window(...), wrapWidth=1)
8.1058 	EXP 	window1: mouseVisible = True
8.1096 	EXP 	Created text_3 = TextStim(__class__=<class 'psychopy.visual.text.TextStim'>, alignHoriz=method-wrapper(...), alignText='center', alignVert=method-wrapper(...), anchorHoriz='center', anchorVert='center', antialias=True, autoDraw=False, autoLog=True, bold=False, color=array([1., 1., 1.]), colorSpace='rgb', contrast=1.0, depth=0.0, draggable=False, flipHoriz=False, flipVert=False, font='Arial Unicode MS', fontFiles=[], height=0.05, italic=False, languageStyle='LTR', name='text_3', opacity=1.0, ori=0.0, pos=array([0., 0.]), rgb=UNKNOWN, text='焦虑的        抑郁的', units='height', win=Window(...), wrapWidth=1)
8.1097 	EXP 	window1: mouseVisible = True
8.1123 	EXP 	Created text_4 = TextStim(__class__=<class 'psychopy.visual.text.TextStim'>, alignHoriz=method-wrapper(...), alignText='center', alignVert=method-wrapper(...), anchorHoriz='center', anchorVert='center', antialias=True, autoDraw=False, autoLog=True, bold=False, color=array([1., 1., 1.]), colorSpace='rgb', contrast=1.0, depth=0.0, draggable=False, flipHoriz=False, flipVert=False, font='Arial Unicode MS', fontFiles=[], height=0.05, italic=False, languageStyle='LTR', name='text_4', opacity=1.0, ori=0.0, pos=array([0., 0.]), rgb=UNKNOWN, text='谢谢你的参与！', units='height', win=Window(...), wrapWidth=1)
0.0085 	EXP 	text_2: autoDraw = True
1.0066 	EXP 	text_2: autoDraw = False
1.0066 	EXP 	text: autoDraw = True
3.0030 	EXP 	text: autoDraw = False
3.0030 	EXP 	text: autoDraw = False
3.0030 	EXP 	text_3: autoDraw = True
3.9890 	EXP 	text_3: autoDraw = False
6.8169 	WARNING 	t of last frame was 43.63ms (=1/22)
6.8169 	EXP 	text_3: autoDraw = False
6.8169 	EXP 	text_4: autoDraw = True
6.8290 	DATA 	Keypress: y
9.8054 	EXP 	text_4: autoDraw = False
9.8054 	EXP 	text_4: autoDraw = False
9.8055 	EXP 	Exercise_for_hcy: status = STOPPED
9.8335 	EXP 	window1: mouseVisible = True
