7.7623 	WARNING 	Couldn't measure a consistent frame rate!
  - Is your graphics card set to sync to vertical blank?
  - Are you running other processes on your computer?

7.7627 	EXP 	Created window1 = Window(allowGUI=True, allowStencil=False, autoLog=True, backendConf=UNKNOWN, backgroundFit=<method-wrapper '__getattribute__' of attributeSetter object at 0x7fdf7b787e20>, backgroundImage=<method-wrapper '__getattribute__' of attributeSetter object at 0x7fdf7b787dc0>, bitsMode=UNKNOWN, blendMode='avg', bpc=(8, 8, 8), color=array([0, 0, 0]), colorSpace='rgb', depthBits=8, fullscr=<method-wrapper '__getattribute__' of attributeSetter object at 0x7fdf7b787be0>, gamma=None, gammaErrorPolicy='raise', lms=UNKNOWN, monitor=<psychopy.monitors.calibTools.Monitor object at 0x7fdf6abfa3a0>, multiSample=False, name='window1', numSamples=2, pos=(540, 300), screen=0, size=array([1440, 1200]), stencilBits=0, stereo=False, title='PsychoPy', units='height', useFBO=True, useRetina=True, viewOri=0.0, viewPos=None, viewScale=None, waitBlanking=True, winType='pyglet')
7.7629 	EXP 	window1: mouseVisible = True
7.7629 	EXP 	window1: backgroundImage = ''
7.7629 	EXP 	window1: backgroundFit = 'none'
7.7657 	EXP 	window1: Attempting to measure frame rate of screen (0) ...
7.7658 	EXP 	window1: recordFrameIntervals = False
7.8455 	EXP 	window1: recordFrameIntervals = True
8.6922 	WARNING 	Couldn't measure a consistent frame rate!
  - Is your graphics card set to sync to vertical blank?
  - Are you running other processes on your computer?

8.6923 	EXP 	window1: mouseVisible = True
8.7359 	WARNING 	launchHubServer: If using the iohub mouse or eyetracker devices, fullScr should be True.
10.6126 	EXP 	Exercise_for_hcy: status = STARTED
10.6128 	EXP 	window1: mouseVisible = True
10.6519 	EXP 	Created text_welcome = TextStim(__class__=<class 'psychopy.visual.text.TextStim'>, alignHoriz=method-wrapper(...), alignText='center', alignVert=method-wrapper(...), anchorHoriz='center', anchorVert='center', antialias=True, autoDraw=False, autoLog=True, bold=False, color=array([1., 1., 1.]), colorSpace='rgb', contrast=1.0, depth=0.0, draggable=False, flipHoriz=False, flipVert=False, font='Arial Unicode MS', fontFiles=[], height=0.05, italic=False, languageStyle='LTR', name='text_welcome', opacity=1.0, ori=0.0, pos=array([0., 0.]), rgb=UNKNOWN, text='欢迎来到试验！', units='height', win=Window(...), wrapWidth=1)
10.6520 	EXP 	window1: mouseVisible = True
10.6729 	EXP 	Created text_Instruction = TextStim(__class__=<class 'psychopy.visual.text.TextStim'>, alignHoriz=method-wrapper(...), alignText='center', alignVert=method-wrapper(...), anchorHoriz='center', anchorVert='center', antialias=True, autoDraw=False, autoLog=True, bold=False, color=array([1., 1., 1.]), colorSpace='rgb', contrast=1.0, depth=0.0, draggable=False, flipHoriz=False, flipVert=False, font='Arial Unicode MS', fontFiles=[], height=0.05, italic=False, languageStyle='LTR', name='text_Instruction', opacity=1.0, ori=0.0, pos=array([0., 0.]), rgb=UNKNOWN, text=str(...), units='height', win=Window(...), wrapWidth=1)
10.6730 	EXP 	window1: mouseVisible = True
10.6769 	EXP 	Created text_blank = TextStim(__class__=<class 'psychopy.visual.text.TextStim'>, alignHoriz=method-wrapper(...), alignText='center', alignVert=method-wrapper(...), anchorHoriz='center', anchorVert='center', antialias=True, autoDraw=False, autoLog=True, bold=False, color=array([1., 1., 1.]), colorSpace='rgb', contrast=1.0, depth=0.0, draggable=False, flipHoriz=False, flipVert=False, font='Open Sans', fontFiles=[], height=0.05, italic=False, languageStyle='LTR', name='text_blank', opacity=1.0, ori=0.0, pos=array([0., 0.]), rgb=UNKNOWN, text='', units='height', win=Window(...), wrapWidth=1)
10.6769 	EXP 	window1: mouseVisible = True
10.6860 	EXP 	Created text_Q1 = TextStim(__class__=<class 'psychopy.visual.text.TextStim'>, alignHoriz=method-wrapper(...), alignText='center', alignVert=method-wrapper(...), anchorHoriz='center', anchorVert='center', antialias=True, autoDraw=False, autoLog=True, bold=False, color=array([1., 1., 1.]), colorSpace='rgb', contrast=1.0, depth=0.0, draggable=False, flipHoriz=False, flipVert=False, font='Arial Unicode MS', fontFiles=[], height=0.05, italic=False, languageStyle='LTR', name='text_Q1', opacity=1.0, ori=0.0, pos=array([0., 0.]), rgb=UNKNOWN, text='你认为大众眼中的抑郁症患者是怎样的？', units='height', win=Window(...), wrapWidth=1)
10.6861 	EXP 	window1: mouseVisible = True
10.6899 	EXP 	Created text_Answer01 = TextStim(__class__=<class 'psychopy.visual.text.TextStim'>, alignHoriz=method-wrapper(...), alignText='center', alignVert=method-wrapper(...), anchorHoriz='center', anchorVert='center', antialias=True, autoDraw=False, autoLog=True, bold=False, color=array([1., 1., 1.]), colorSpace='rgb', contrast=1.0, depth=0.0, draggable=False, flipHoriz=False, flipVert=False, font='Arial Unicode MS', fontFiles=[], height=0.05, italic=False, languageStyle='LTR', name='text_Answer01', opacity=1.0, ori=0.0, pos=array([0., 0.]), rgb=UNKNOWN, text='焦虑的        抑郁的', units='height', win=Window(...), wrapWidth=1)
10.6900 	EXP 	window1: mouseVisible = True
10.6909 	EXP 	Created text_blank = TextStim(__class__=<class 'psychopy.visual.text.TextStim'>, alignHoriz=method-wrapper(...), alignText='center', alignVert=method-wrapper(...), anchorHoriz='center', anchorVert='center', antialias=True, autoDraw=False, autoLog=True, bold=False, color=array([1., 1., 1.]), colorSpace='rgb', contrast=1.0, depth=0.0, draggable=False, flipHoriz=False, flipVert=False, font='Open Sans', fontFiles=[], height=0.05, italic=False, languageStyle='LTR', name='text_blank', opacity=1.0, ori=0.0, pos=array([0., 0.]), rgb=UNKNOWN, text='', units='height', win=Window(...), wrapWidth=1)
10.6910 	EXP 	window1: mouseVisible = True
10.6946 	EXP 	Created text_Q2 = TextStim(__class__=<class 'psychopy.visual.text.TextStim'>, alignHoriz=method-wrapper(...), alignText='center', alignVert=method-wrapper(...), anchorHoriz='center', anchorVert='center', antialias=True, autoDraw=False, autoLog=True, bold=False, color=array([1., 1., 1.]), colorSpace='rgb', contrast=1.0, depth=0.0, draggable=False, flipHoriz=False, flipVert=False, font='Arial Unicode MS', fontFiles=[], height=0.05, italic=False, languageStyle='LTR', name='text_Q2', opacity=1.0, ori=0.0, pos=array([0., 0.]), rgb=UNKNOWN, text='你自己所认为的抑郁症患者是怎样的？', units='height', win=Window(...), wrapWidth=1)
10.6947 	EXP 	window1: mouseVisible = True
10.6963 	EXP 	Created text_answer02 = TextStim(__class__=<class 'psychopy.visual.text.TextStim'>, alignHoriz=method-wrapper(...), alignText='center', alignVert=method-wrapper(...), anchorHoriz='center', anchorVert='center', antialias=True, autoDraw=False, autoLog=True, bold=False, color=array([1., 1., 1.]), colorSpace='rgb', contrast=1.0, depth=0.0, draggable=False, flipHoriz=False, flipVert=False, font='Arial Unicode MS', fontFiles=[], height=0.05, italic=False, languageStyle='LTR', name='text_answer02', opacity=1.0, ori=0.0, pos=array([0., 0.]), rgb=UNKNOWN, text='焦虑的       抑郁的', units='height', win=Window(...), wrapWidth=1)
10.6964 	EXP 	window1: mouseVisible = True
10.6993 	EXP 	Created text_goodbye = TextStim(__class__=<class 'psychopy.visual.text.TextStim'>, alignHoriz=method-wrapper(...), alignText='center', alignVert=method-wrapper(...), anchorHoriz='center', anchorVert='center', antialias=True, autoDraw=False, autoLog=True, bold=False, color=array([1., 1., 1.]), colorSpace='rgb', contrast=1.0, depth=0.0, draggable=False, flipHoriz=False, flipVert=False, font='Arial Unicode MS', fontFiles=[], height=0.05, italic=False, languageStyle='LTR', name='text_goodbye', opacity=1.0, ori=0.0, pos=array([0., 0.]), rgb=UNKNOWN, text='谢谢你的参与！', units='height', win=Window(...), wrapWidth=1)
0.0171 	EXP 	text_welcome: autoDraw = True
2.0132 	EXP 	text_welcome: autoDraw = False
2.0132 	EXP 	text_Instruction: autoDraw = True
5.1866 	WARNING 	t of last frame was 43.83ms (=1/22)
5.1866 	EXP 	text_Instruction: autoDraw = False
5.1866 	EXP 	text_blank: autoDraw = True
5.2160 	DATA 	Keypress: space
5.2197 	WARNING 	t of last frame was 27.16ms (=1/36)
5.6793 	EXP 	text_blank: autoDraw = False
5.6793 	EXP 	text_blank: autoDraw = False
5.6793 	EXP 	text_Q1: autoDraw = True
8.6763 	EXP 	text_Q1: autoDraw = False
8.6763 	EXP 	text_Q1: autoDraw = False
8.6810 	EXP 	text_Answer01: autoDraw = True
9.5148 	DATA 	Keypress: a
9.5179 	EXP 	text_Answer01: autoDraw = False
9.5179 	EXP 	text_blank: autoDraw = True
10.0140 	EXP 	text_blank: autoDraw = False
10.0140 	EXP 	text_blank: autoDraw = False
10.0140 	EXP 	text_Q2: autoDraw = True
13.0141 	EXP 	text_Q2: autoDraw = False
13.0141 	EXP 	text_Q2: autoDraw = False
13.0141 	EXP 	text_answer02: autoDraw = True
13.4828 	DATA 	Keypress: l
13.4860 	EXP 	text_answer02: autoDraw = False
13.4860 	EXP 	text_goodbye: autoDraw = True
16.4796 	EXP 	text_goodbye: autoDraw = False
16.4796 	EXP 	text_goodbye: autoDraw = False
16.4796 	EXP 	Exercise_for_hcy: status = STOPPED
16.5077 	EXP 	window1: mouseVisible = True
